<?xml version="1.0" encoding="UTF-8"?>
<!-- Generated by org.testng.reporters.JUnitReportReporter -->
<testsuite skipped="0" hostname="WIN-GEDESCREUP8" name="test.seleniumjenkinsintegre" tests="1" failures="0" timestamp="02 Mar 2018 22:58:19 GMT" time="8.550" errors="0">
  <testcase name="test" time="8.550" classname="test.seleniumjenkinsintegre"/>
</testsuite> <!-- test.seleniumjenkinsintegre -->
