<?xml version="1.0" encoding="UTF-8"?>
<!-- Generated by org.testng.reporters.JUnitReportReporter -->
<testsuite skipped="0" hostname="WIN-GEDESCREUP8" name="test.seleniumjenkinsintegre" tests="1" failures="0" timestamp="03 Mar 2018 00:18:45 GMT" time="8.869" errors="0">
  <testcase name="test" time="8.869" classname="test.seleniumjenkinsintegre"/>
</testsuite> <!-- test.seleniumjenkinsintegre -->
